app/mapping.txt
com.zzh.hotfixtest.MainActivity -> com.zzh.hotfixtest.MainActivity:
    void <init>() -> <init>
    void onCreate(android.os.Bundle) -> onCreate
com.zzh.hotfixtest.MyRealApplication -> com.zzh.hotfixtest.a:
    void <init>() -> <init>
    void onCreate() -> onCreate
com.zzh.hotfixtest.SophixStubApplication -> com.zzh.hotfixtest.SophixStubApplication:
    java.lang.String TAG -> a
    void <init>() -> <init>
    void attachBaseContext(android.content.Context) -> attachBaseContext
    void initSophix() -> a
com.zzh.hotfixtest.SophixStubApplication$1 -> com.zzh.hotfixtest.SophixStubApplication$1:
    com.zzh.hotfixtest.SophixStubApplication this$0 -> a
    void <init>(com.zzh.hotfixtest.SophixStubApplication) -> <init>
    void onLoad(int,int,java.lang.String,int) -> onLoad
com.zzh.hotfixtest.SophixStubApplication$RealApplicationStub -> com.zzh.hotfixtest.SophixStubApplication$RealApplicationStub:
    void <init>() -> <init>
...
com.ta.utdid2.a.a.e -> com.ta.utdid2.a.a.e:
    java.lang.String l() -> a
    java.lang.String e(android.content.Context) -> a
    java.lang.String f(android.content.Context) -> b
    java.lang.String m() -> b
    java.lang.String n() -> c
com.ta.utdid2.a.a.f -> com.ta.utdid2.a.a.f:
    java.util.regex.Pattern a -> a
    boolean b(java.lang.String) -> a
    int a(java.lang.String) -> b
    java.util.Map a(java.util.Map) -> a
    java.lang.String f(java.lang.String) -> c
    void <clinit>() -> <clinit>
com.ta.utdid2.a.a.f$1 -> com.ta.utdid2.a.a.f$1:
    void <init>() -> <init>
    int compare(java.lang.String,java.lang.String) -> a
    int compare(java.lang.Object,java.lang.Object) -> compare
com.ta.utdid2.a.a.g -> com.ta.utdid2.a.a.g:
    java.lang.String get(java.lang.String,java.lang.String) -> a
com.ta.utdid2.b.a.a -> com.ta.utdid2.b.a.a:
    java.lang.String[] a -> a
    char[] b -> b
    int mPos -> c
    java.io.Writer a -> d
    java.io.OutputStream a -> e
    java.nio.charset.CharsetEncoder a -> f
    java.nio.ByteBuffer a -> g
    boolean i -> h
    void <init>() -> <init>
    void append(char) -> a
    void a(java.lang.String,int,int) -> a
    void append(char[],int,int) -> a
    void append(java.lang.String) -> a
    void d(java.lang.String) -> b
    void a(char[],int,int) -> b
    org.xmlpull.v1.XmlSerializer attribute(java.lang.String,java.lang.String,java.lang.String) -> attribute
    void cdsect(java.lang.String) -> cdsect
    void comment(java.lang.String) -> comment
    void docdecl(java.lang.String) -> docdecl
    void endDocument() -> endDocument
    org.xmlpull.v1.XmlSerializer endTag(java.lang.String,java.lang.String) -> endTag
    void entityRef(java.lang.String) -> entityRef
    void g() -> a
    void flush() -> flush
    int getDepth() -> getDepth
    boolean getFeature(java.lang.String) -> getFeature
    java.lang.String getName() -> getName
    java.lang.String getNamespace() -> getNamespace
    java.lang.String getPrefix(java.lang.String,boolean) -> getPrefix
    java.lang.Object getProperty(java.lang.String) -> getProperty
    void ignorableWhitespace(java.lang.String) -> ignorableWhitespace
    void processingInstruction(java.lang.String) -> processingInstruction
    void setFeature(java.lang.String,boolean) -> setFeature
com.ta.utdid2.b.a.b -> com.ta.utdid2.b.a.b:
    java.lang.String getString(java.lang.String,java.lang.String) -> a
    long getLong(java.lang.String,long) -> a
    com.ta.utdid2.b.a.b$a a() -> a
com.ta.utdid2.b.a.b$a -> com.ta.utdid2.b.a.b$a:
    com.ta.utdid2.b.a.b$a a(java.lang.String,java.lang.String) -> a
    com.ta.utdid2.b.a.b$a a(java.lang.String,long) -> a
    com.ta.utdid2.b.a.b$a b() -> a
    boolean commit() -> b
com.ta.utdid2.b.a.b$b -> com.ta.utdid2.b.a.b$b:
    void a(com.ta.utdid2.b.a.b,java.lang.String) -> a
com.ta.utdid2.b.a.c -> com.ta.utdid2.b.a.c:
    android.content.SharedPreferences a -> a
    com.ta.utdid2.b.a.b a -> b
    void <init>(android.content.Context,java.lang.String,java.lang.String) -> <init>
    java.lang.String o() -> a
    int a() -> b
    java.lang.String p() -> c
    com.ta.utdid2.b.a.d a(java.lang.String) -> b
    java.io.File a(java.lang.String) -> c
    void e(java.lang.String) -> a
    void a(java.lang.String,int) -> a
    boolean d() -> d
    boolean a(int) -> a
com.ta.utdid2.b.a.d -> com.ta.utdid2.b.a.d:
    java.lang.Object a -> a
    java.io.File c -> b
    java.lang.Object b -> c
    java.util.HashMap a -> d
    void <init>(java.lang.String) -> <init>
    java.io.File a(java.io.File,java.lang.String) -> a
    java.io.File a() -> b
    java.io.File b(java.lang.String) -> a
    com.ta.utdid2.b.a.b a(java.lang.String,int) -> a
    java.io.File a(java.io.File) -> b
    java.io.File b(java.io.File) -> a
    java.lang.Object a() -> a
    void <clinit>() -> <clinit>